<?xml version="1.0" encoding="UTF-8"?>
<!-- Generated by org.testng.reporters.JUnitReportReporter -->
<testsuite skipped="0" hostname="Ak47" name="numadicTestCases.NumadicTest2" tests="3" failures="0" timestamp="2022-10-19T17:48:46 GMT-12:00" time="6.534" errors="0">
  <testcase name="VerifyingFullTimeQA" time="0.949" classname="numadicTestCases.NumadicTest2"/>
  <system-out>
    <![CDATA[-----> Verifying FullTime QA <-----]]>
  </system-out>
  <testcase name="ApplyHereButtonActions" time="5.562" classname="numadicTestCases.NumadicTest2"/>
  <system-out>
    <![CDATA[-----> Verifying and performing ApplyHere Button QA <-----]]>
  </system-out>
  <testcase name="VerifyingRedirectBack" time="0.023" classname="numadicTestCases.NumadicTest2"/>
  <system-out>
    <![CDATA[---> Verifying redirect back and performing ApplyHere Button QA <---]]>
  </system-out>
</testsuite> <!-- numadicTestCases.NumadicTest2 -->
