<?xml version="1.0" encoding="UTF-8"?>
<!-- Generated by org.testng.reporters.JUnitReportReporter -->
<testsuite skipped="0" hostname="Ak47" name="numadicTestCases.NumadicTest3" tests="11" failures="0" timestamp="2022-10-19T17:48:46 GMT-12:00" time="30.008" errors="0">
  <testcase name="ClickingOnQaApplyButton" time="1.122" classname="numadicTestCases.NumadicTest3"/>
  <system-out>
    <![CDATA[----->Clicking on Apply button For QA Engineer<-----]]>
  </system-out>
  <testcase name="ValidatingErrorMsgForPersonalDetails" time="8.562" classname="numadicTestCases.NumadicTest3"/>
  <system-out>
    <![CDATA[----->Validating first name error message<-----
----->Validating last name error message<-----
----->Validating  email error message<-----
----->Validating phone number error message<-----
----->Validating Date of birth error message<-----]]>
  </system-out>
  <testcase name="ValidatingPersonalDetailsFirstName" time="6.041" classname="numadicTestCases.NumadicTest3"/>
  <system-out>
    <![CDATA[----->Validating first name<-----]]>
  </system-out>
  <testcase name="ValidatingPersonalDetailsLastName" time="1.211" classname="numadicTestCases.NumadicTest3"/>
  <system-out>
    <![CDATA[----->Validating Lats name<-----]]>
  </system-out>
  <testcase name="ValidatingPersonalDetailsEmail" time="1.040" classname="numadicTestCases.NumadicTest3"/>
  <system-out>
    <![CDATA[----->Validating Email<-----]]>
  </system-out>
  <testcase name="ValidatingPersonalDetailsMobileNumber" time="1.235" classname="numadicTestCases.NumadicTest3"/>
  <system-out>
    <![CDATA[----->Validating mobile nmber<-----]]>
  </system-out>
  <testcase name="ValidatingPersonalDetailsCurrentCity" time="0.894" classname="numadicTestCases.NumadicTest3"/>
  <system-out>
    <![CDATA[----->Validating current city<-----]]>
  </system-out>
  <testcase name="ValidatingPersonalDetailsHometown" time="0.934" classname="numadicTestCases.NumadicTest3"/>
  <system-out>
    <![CDATA[----->Validating Hometown<-----]]>
  </system-out>
  <testcase name="ValidatingSportsDropDown" time="3.530" classname="numadicTestCases.NumadicTest3"/>
  <system-out>
    <![CDATA[----->Validating Sports drop down<-----]]>
  </system-out>
  <testcase name="ValidatingPetsDown" time="4.120" classname="numadicTestCases.NumadicTest3"/>
  <system-out>
    <![CDATA[----->Validating Pets drop down<-----]]>
  </system-out>
  <testcase name="ValidatingDateOfBirth" time="1.319" classname="numadicTestCases.NumadicTest3"/>
  <system-out>
    <![CDATA[----->Validating Date of birth tab<-----]]>
  </system-out>
</testsuite> <!-- numadicTestCases.NumadicTest3 -->
