<?xml version="1.0" encoding="UTF-8"?>
<!-- Generated by org.testng.reporters.JUnitReportReporter -->
<testsuite skipped="0" hostname="Ak47" name="numadicTestCases.NumadicTest1" tests="2" failures="0" timestamp="2022-10-19T17:48:45 GMT-12:00" time="10.673" errors="0">
  <testcase name="VerifyingHeader" time="9.861" classname="numadicTestCases.NumadicTest1"/>
  <system-out>
    <![CDATA[-----> Verify header text (JOIN OUR CREW) <-----]]>
  </system-out>
  <testcase name="VerifyingIntership" time="0.812" classname="numadicTestCases.NumadicTest1"/>
  <system-out>
    <![CDATA[-----> Verify Intership Message <-----]]>
  </system-out>
</testsuite> <!-- numadicTestCases.NumadicTest1 -->
